<?xml version="1.0" encoding="UTF-8"?>
<!-- Generated by org.testng.reporters.JUnitReportReporter -->
<testsuite hostname="VIT-N-010" failures="0" tests="2" name="pacticeTestNg.PS1" time="0.011" errors="0" timestamp="2024-01-25T18:44:46 IST" skipped="0">
  <testcase classname="pacticeTestNg.PS1" name="testRun" time="0.002"/>
  <system-out/>
  <testcase classname="pacticeTestNg.PS1" name="doThis" time="0.009"/>
  <system-out/>
</testsuite> <!-- pacticeTestNg.PS1 -->
