<?xml version="1.0" encoding="UTF-8"?>
<!-- Generated by org.testng.reporters.JUnitReportReporter -->
<testsuite hostname="VIT-N-010" failures="0" tests="2" name="pacticeTestNg.Demo" time="0.011" errors="0" timestamp="2024-01-19T19:03:04 IST" skipped="0">
  <testcase classname="pacticeTestNg.Demo" name="SecondDemo" time="0.010"/>
  <system-out/>
  <testcase classname="pacticeTestNg.Demo" name="testing" time="0.001"/>
  <system-out/>
</testsuite> <!-- pacticeTestNg.Demo -->
