<?xml version="1.0" encoding="UTF-8"?>
<!-- Generated by org.testng.reporters.JUnitReportReporter -->
<testsuite hostname="VIT-N-010" failures="0" tests="5" name="pacticeTestNg.Day3" time="0.010" errors="0" timestamp="2024-01-24T12:10:02 IST" skipped="0">
  <testcase classname="pacticeTestNg.Day3" name="WeblogincarLoan" time="0.002"/>
  <system-out/>
  <testcase classname="pacticeTestNg.Day3" name="LoginAPICarloan" time="0.002"/>
  <system-out/>
  <testcase classname="pacticeTestNg.Day3" name="LoginAPICarloan" time="0.002"/>
  <system-out/>
  <testcase classname="pacticeTestNg.Day3" name="LoginAPICarloan" time="0.002"/>
  <system-out/>
  <testcase classname="pacticeTestNg.Day3" name="MobileloginCarLoan" time="0.002"/>
  <system-out/>
</testsuite> <!-- pacticeTestNg.Day3 -->
