<?xml version="1.0" encoding="UTF-8"?>
<!-- Generated by org.testng.reporters.JUnitReportReporter -->
<testsuite hostname="VIT-N-010" failures="0" tests="1" name="pacticeTestNg.PS" time="0.023" errors="0" timestamp="2024-01-29T15:15:49 IST" skipped="0">
  <testcase classname="pacticeTestNg.PS" name="doThis" time="0.023"/>
  <system-out/>
</testsuite> <!-- pacticeTestNg.PS -->
