<?xml version="1.0" encoding="UTF-8"?>
<!-- Generated by org.testng.reporters.JUnitReportReporter -->
<testsuite hostname="VIT-N-010" failures="0" tests="1" name="pacticeTestNg.Day1" time="0.009" errors="0" timestamp="2024-01-24T12:10:02 IST" skipped="0">
  <testcase classname="pacticeTestNg.Day1" name="Demo" time="0.009"/>
  <system-out/>
</testsuite> <!-- pacticeTestNg.Day1 -->
