<?xml version="1.0" encoding="UTF-8"?>
<!-- Generated by org.testng.reporters.JUnitReportReporter -->
<testsuite hostname="VIT-N-010" failures="0" tests="4" name="pacticeTestNg.Day4" time="0.019" errors="0" timestamp="2024-01-24T12:10:02 IST" skipped="1">
  <testcase classname="pacticeTestNg.Day4" name="BikeLoan" time="0.012"/>
  <system-out/>
  <testcase classname="pacticeTestNg.Day4" name="LoginAPIHomeloan" time="0.002"/>
  <system-out/>
  <testcase classname="pacticeTestNg.Day4" name="MobileloginHomeLoan" time="0.005"/>
  <system-out/>
  <testcase classname="pacticeTestNg.Day4" name="WebloginHomeLoan">
    <skipped/>
  </testcase> <!-- WebloginHomeLoan -->
  <system-out/>
</testsuite> <!-- pacticeTestNg.Day4 -->
