<?xml version="1.0" encoding="UTF-8"?>
<!-- Generated by org.testng.reporters.JUnitReportReporter -->
<testsuite hostname="VIT-N-010" failures="0" tests="3" name="ShriramAcademy.Tests.SubmitOrderTest" time="37.713" errors="0" timestamp="2024-04-02T12:35:20 IST" skipped="0">
  <testcase classname="ShriramAcademy.Tests.SubmitOrderTest" name="submitOrder" time="12.331"/>
  <testcase classname="ShriramAcademy.Tests.SubmitOrderTest" name="OrderHistoryTest" time="3.823"/>
  <testcase classname="ShriramAcademy.Tests.SubmitOrderTest" name="submitOrder" time="21.559"/>
</testsuite> <!-- ShriramAcademy.Tests.SubmitOrderTest -->
