<?xml version="1.0" encoding="UTF-8"?>
<!-- Generated by org.testng.reporters.JUnitReportReporter -->
<testsuite hostname="VIT-N-010" failures="0" tests="3" name="ShriramAcademy.Tests.SubmitOrderTest" time="40.363" errors="0" timestamp="2024-02-16T00:31:10 IST" skipped="0">
  <testcase classname="ShriramAcademy.Tests.SubmitOrderTest" name="OrderHistoryTest" time="7.559"/>
  <testcase classname="ShriramAcademy.Tests.SubmitOrderTest" name="submitOrder" time="22.174"/>
  <testcase classname="ShriramAcademy.Tests.SubmitOrderTest" name="submitOrder" time="10.630"/>
</testsuite> <!-- ShriramAcademy.Tests.SubmitOrderTest -->
