<?xml version="1.0" encoding="UTF-8"?>
<!-- Generated by org.testng.reporters.JUnitReportReporter -->
<testsuite hostname="VIT-N-010" failures="0" tests="2" name="ShriramAcademy.Tests.SubmitOrderTest" time="45.649" errors="0" timestamp="2024-03-13T16:27:41 IST" skipped="0">
  <testcase classname="ShriramAcademy.Tests.SubmitOrderTest" name="submitOrder" time="22.295"/>
  <testcase classname="ShriramAcademy.Tests.SubmitOrderTest" name="submitOrder" time="23.354"/>
</testsuite> <!-- ShriramAcademy.Tests.SubmitOrderTest -->
