<?xml version="1.0" encoding="UTF-8"?>
<!-- Generated by org.testng.reporters.JUnitReportReporter -->
<testsuite hostname="VIT-N-010" failures="0" tests="1" name="ShriramAcademy.Tests.ErrorValidationsTest" time="5.454" errors="0" timestamp="2024-03-13T16:21:11 IST" skipped="0">
  <testcase classname="ShriramAcademy.Tests.ErrorValidationsTest" name="LoginErrorValidation" time="5.454"/>
</testsuite> <!-- ShriramAcademy.Tests.ErrorValidationsTest -->
