<?xml version="1.0" encoding="UTF-8"?>
<!-- Generated by org.testng.reporters.JUnitReportReporter -->
<testsuite hostname="VIT-N-010" failures="0" tests="3" name="detaDriven.DetaProviderTestNG" time="0.014" errors="0" timestamp="2024-05-10T12:04:11 IST" skipped="0">
  <testcase classname="detaDriven.DetaProviderTestNG" name="testCaseData" time="0.002"/>
  <system-out/>
  <testcase classname="detaDriven.DetaProviderTestNG" name="testCaseData" time="0.001"/>
  <system-out/>
  <testcase classname="detaDriven.DetaProviderTestNG" name="testCaseData" time="0.011"/>
  <system-out/>
</testsuite> <!-- detaDriven.DetaProviderTestNG -->
