<?xml version="1.0" encoding="UTF-8"?>
<!-- Generated by org.testng.reporters.JUnitReportReporter -->
<testsuite hostname="VIT-N-010" failures="0" tests="1" name="detaDriven.Excel" time="1.516" errors="0" timestamp="2024-05-02T19:43:16 IST" skipped="0">
  <testcase classname="detaDriven.Excel" name="getExcel" time="1.516"/>
  <system-out/>
</testsuite> <!-- detaDriven.Excel -->
