<?xml version="1.0" encoding="UTF-8"?>
<!-- Generated by org.testng.reporters.JUnitReportReporter -->
<testsuite hostname="VIT-N-010" failures="0" tests="1" name="ShriramAcademy.Tests.SubmitOrderTest" time="24.731" errors="0" timestamp="2024-02-02T14:12:13 IST" skipped="0">
  <testcase classname="ShriramAcademy.Tests.SubmitOrderTest" name="submitOrder" time="24.731"/>
</testsuite> <!-- ShriramAcademy.Tests.SubmitOrderTest -->
