<?xml version="1.0" encoding="UTF-8"?>
<!-- Generated by org.testng.reporters.JUnitReportReporter -->
<testsuite hostname="VIT-N-010" failures="0" tests="1" name="ShriramAcademy.Tests.ErrorValidationsTest" time="4.045" errors="0" timestamp="2024-02-02T14:12:13 IST" skipped="0">
  <testcase classname="ShriramAcademy.Tests.ErrorValidationsTest" name="submitOrder" time="4.045"/>
</testsuite> <!-- ShriramAcademy.Tests.ErrorValidationsTest -->
