<?xml version="1.0" encoding="UTF-8"?>
<!-- Generated by org.testng.reporters.JUnitReportReporter -->
<testsuite hostname="VIT-N-010" failures="0" tests="1" name="ShriramAcademy.Tests.ErrorValidations" time="5.707" errors="0" timestamp="2024-02-02T12:26:59 IST" skipped="0">
  <testcase classname="ShriramAcademy.Tests.ErrorValidations" name="submitOrder" time="5.707"/>
</testsuite> <!-- ShriramAcademy.Tests.ErrorValidations -->
