<?xml version="1.0" encoding="UTF-8"?>
<!-- Generated by org.testng.reporters.JUnitReportReporter -->
<testsuite hostname="VIT-N-010" failures="0" tests="1" name="Try$ResultComparisonTest" time="0.020" errors="0" timestamp="2023-11-24T19:45:18 IST" skipped="0">
  <testcase classname="Try$ResultComparisonTest" name="testResultComparison" time="0.020"/>
  <system-out/>
</testsuite> <!-- Try$ResultComparisonTest -->
