<?xml version="1.0" encoding="UTF-8"?>
<!-- Generated by org.testng.reporters.JUnitReportReporter -->
<testsuite hostname="VIT-N-010" failures="0" tests="2" name="ShriramAcademy.Tests.ErrorValidationsTest" time="21.407" errors="0" timestamp="2024-02-08T11:46:49 IST" skipped="0">
  <testcase classname="ShriramAcademy.Tests.ErrorValidationsTest" name="ProductErrorValidation" time="16.254"/>
  <testcase classname="ShriramAcademy.Tests.ErrorValidationsTest" name="LoginErrorValidation" time="5.153"/>
</testsuite> <!-- ShriramAcademy.Tests.ErrorValidationsTest -->
