<?xml version="1.0" encoding="UTF-8"?>
<!-- Generated by org.testng.reporters.JUnitReportReporter -->
<testsuite hostname="VIT-N-010" failures="0" tests="1" name="ShriramAcademy.ExtentReports.ExtentReportDemo" time="10.515" errors="0" timestamp="2024-02-19T18:40:13 IST" skipped="0">
  <testcase classname="ShriramAcademy.ExtentReports.ExtentReportDemo" name="initialDemo" time="10.515"/>
</testsuite> <!-- ShriramAcademy.ExtentReports.ExtentReportDemo -->
