<?xml version="1.0" encoding="UTF-8"?>
<!-- Generated by org.testng.reporters.JUnitReportReporter -->
<testsuite hostname="VIT-N-010" failures="0" tests="1" name="ShriramAcademy.ExtentReports.ExtentReportDemo" time="8.827" errors="0" timestamp="2024-02-15T17:43:06 IST" skipped="0">
  <testcase classname="ShriramAcademy.ExtentReports.ExtentReportDemo" name="initialDemo" time="8.827"/>
</testsuite> <!-- ShriramAcademy.ExtentReports.ExtentReportDemo -->
